Using pre-set license
Built from '2021.1/staging' branch; Version is '2021.1.5f1 (3737af19df53) revision 3618735'; Using compiler version '192528614'; Build Type 'Release'
OS: 'Windows 10 Pro; OS build 19042.985; Version 2009; 64bit' Language: 'en' Physical Memory: 16257 MB
BatchMode: 1, IsHumanControllingUs: 0, StartBugReporterOnCrash: 0, Is64bit: 1, IsPro: 0

 COMMAND LINE ARGUMENTS:
C:\Program Files\Unity\Hub\Editor\2021.1.5f1\Editor\Unity.exe
-adb2
-batchMode
-noUpm
-name
AssetImportWorker0
-projectPath
C:/Users/ShaunFerns/cookbook/unity-cookbook-2020-ch03-07b-layout-with-scrollbar
-logFile
Logs/AssetImportWorker0.log
-srvPort
59760
Successfully changed project path to: C:/Users/ShaunFerns/cookbook/unity-cookbook-2020-ch03-07b-layout-with-scrollbar
C:/Users/ShaunFerns/cookbook/unity-cookbook-2020-ch03-07b-layout-with-scrollbar
Using Asset Import Pipeline V2.
Refreshing native plugins compatible for Editor in 25.10 ms, found 0 plugins.
Preloading 0 native plugins for Editor in 0.00 ms.
Initialize engine version: 2021.1.5f1 (3737af19df53)
[Subsystems] Discovering subsystems at path C:/Program Files/Unity/Hub/Editor/2021.1.5f1/Editor/Data/Resources/UnitySubsystems
[Subsystems] Discovering subsystems at path C:/Users/ShaunFerns/cookbook/unity-cookbook-2020-ch03-07b-layout-with-scrollbar/Assets
GfxDevice: creating device client; threaded=0; jobified=0
Direct3D:
    Version:  Direct3D 11.0 [level 11.1]
    Renderer: NVIDIA GeForce GTX 1080 (ID=0x1ba0)
    Vendor:   NVIDIA
    VRAM:     8079 MB
    Driver:   27.21.14.5687
Initialize mono
Mono path[0] = 'C:/Program Files/Unity/Hub/Editor/2021.1.5f1/Editor/Data/Managed'
Mono path[1] = 'C:/Program Files/Unity/Hub/Editor/2021.1.5f1/Editor/Data/MonoBleedingEdge/lib/mono/unityjit'
Mono config path = 'C:/Program Files/Unity/Hub/Editor/2021.1.5f1/Editor/Data/MonoBleedingEdge/etc'
Using monoOptions --debugger-agent=transport=dt_socket,embedding=1,server=y,suspend=n,address=127.0.0.1:56928
Begin MonoManager ReloadAssembly
Registering precompiled unity dll's ...
Register platform support module: C:/Program Files/Unity/Hub/Editor/2021.1.5f1/Editor/Data/PlaybackEngines/WindowsStandaloneSupport/UnityEditor.WindowsStandalone.Extensions.dll
Registered in 0.002637 seconds.
Native extension for WindowsStandalone target not found
Refreshing native plugins compatible for Editor in 27.98 ms, found 0 plugins.
Preloading 0 native plugins for Editor in 0.00 ms.
Mono: successfully reloaded assembly
- Completed reload, in  1.374 seconds
Platform modules already initialized, skipping
Registering precompiled user dll's ...
Registered in 0.000844 seconds.
Begin MonoManager ReloadAssembly
Native extension for WindowsStandalone target not found
Refreshing native plugins compatible for Editor in 0.21 ms, found 0 plugins.
Preloading 0 native plugins for Editor in 0.00 ms.
Mono: successfully reloaded assembly
- Completed reload, in  0.970 seconds
Platform modules already initialized, skipping
========================================================================
Worker process is ready to serve import requests
Launched and connected shader compiler UnityShaderCompiler.exe after 0.08 seconds
Refreshing native plugins compatible for Editor in 0.40 ms, found 0 plugins.
Preloading 0 native plugins for Editor in 0.00 ms.
Unloading 1129 Unused Serialized files (Serialized files now loaded: 0)
System memory in use before: 58.7 MB.
System memory in use after: 58.8 MB.

Unloading 9 unused Assets to reduce memory usage. Loaded Objects now: 1586.
Total: 2.915900 ms (FindLiveObjects: 0.119400 ms CreateObjectMapping: 0.057300 ms MarkObjects: 2.678800 ms  DeleteObjects: 0.058900 ms)

========================================================================
Received Import Request.
  path: Assets/_Scenes/Main Scene.unity
  artifactKey: Guid(dca7aa8685928448fbe5abdaa34773bf) Importer(815301076,1909f56bfc062723c751e8b465ee728b)
Start importing Assets/_Scenes/Main Scene.unity using Guid(dca7aa8685928448fbe5abdaa34773bf) Importer(815301076,1909f56bfc062723c751e8b465ee728b)  -> (artifact id: 'cfb625699188776c78d6db386381edd1') in 0.018796 seconds 
========================================================================
Received Prepare
Refreshing native plugins compatible for Editor in 1.99 ms, found 0 plugins.
Preloading 0 native plugins for Editor in 0.00 ms.
Unloading 2 Unused Serialized files (Serialized files now loaded: 0)
System memory in use before: 35.7 MB.
System memory in use after: 35.8 MB.

Unloading 2 unused Assets to reduce memory usage. Loaded Objects now: 1586.
Total: 2.938300 ms (FindLiveObjects: 0.203900 ms CreateObjectMapping: 0.076300 ms MarkObjects: 2.640300 ms  DeleteObjects: 0.016300 ms)

========================================================================
Received Import Request.
  Time since last request: 10.273723 seconds.
  path: Assets/_Scenes/layoutWithScrollbar.unity
  artifactKey: Guid(dca7aa8685928448fbe5abdaa34773bf) Importer(815301076,1909f56bfc062723c751e8b465ee728b)
Start importing Assets/_Scenes/layoutWithScrollbar.unity using Guid(dca7aa8685928448fbe5abdaa34773bf) Importer(815301076,1909f56bfc062723c751e8b465ee728b)  -> (artifact id: 'a102beac6849a2f5f2c1f4284e427087') in 0.003249 seconds 
========================================================================
Received Import Request.
  Time since last request: 7.700995 seconds.
  path: Assets/_Scripts
  artifactKey: Guid(31376836a52424e1fa9ece98e5fb5937) Importer(815301076,1909f56bfc062723c751e8b465ee728b)
Start importing Assets/_Scripts using Guid(31376836a52424e1fa9ece98e5fb5937) Importer(815301076,1909f56bfc062723c751e8b465ee728b)  -> (artifact id: 'b5402e8261e18aedbd9c272548e05c91') in 0.003092 seconds 
========================================================================
Received Import Request.
  Time since last request: 3.721093 seconds.
  path: Assets/Prefabs
  artifactKey: Guid(3a367aacdcbf0473986d83f2e39a15a1) Importer(815301076,1909f56bfc062723c751e8b465ee728b)
Start importing Assets/Prefabs using Guid(3a367aacdcbf0473986d83f2e39a15a1) Importer(815301076,1909f56bfc062723c751e8b465ee728b)  -> (artifact id: '5e5bdb8c2089456b34b6d68ad8947dcc') in 0.002765 seconds 
========================================================================
Received Import Request.
  Time since last request: 0.089390 seconds.
  path: Assets/Prefabs/panel-inventory-slot.prefab
  artifactKey: Guid(98b3299e3d68444588dfb800563589e3) Importer(815301076,1909f56bfc062723c751e8b465ee728b)
Start importing Assets/Prefabs/panel-inventory-slot.prefab using Guid(98b3299e3d68444588dfb800563589e3) Importer(815301076,1909f56bfc062723c751e8b465ee728b)  -> (artifact id: '1eece7ab477e331c64581f9ee16f59eb') in 0.093698 seconds 
AssetImportWorkerClient::OnTransportError - code=2 error=End of file
